<?xml version="1.0" encoding="UTF-8"?>
<!-- Generated by org.testng.reporters.JUnitReportReporter -->
<testsuite skipped="0" hostname="DESKTOP-R97KMG8" name="DemoMavenPackage.DemoTestMaven" tests="1" failures="0" timestamp="13 Dec 2018 17:59:02 GMT" time="7.123" errors="0">
  <testcase name="PageTest" time="7.123" classname="DemoMavenPackage.DemoTestMaven"/>
</testsuite> <!-- DemoMavenPackage.DemoTestMaven -->
