<?xml version="1.0" encoding="UTF-8"?>
<!-- Generated by org.testng.reporters.JUnitReportReporter -->
<testsuite skipped="0" hostname="DESKTOP-R97KMG8" name="DemoMavenPackage.DemoTestMaven" tests="1" failures="0" timestamp="13 Dec 2018 18:26:20 GMT" time="10.196" errors="0">
  <testcase name="PageTest" time="10.196" classname="DemoMavenPackage.DemoTestMaven"/>
</testsuite> <!-- DemoMavenPackage.DemoTestMaven -->
