<?xml version="1.0" encoding="UTF-8"?>
<!-- Generated by org.testng.reporters.JUnitReportReporter -->
<testsuite skipped="0" hostname="DESKTOP-R97KMG8" name="DemoMavenPackage.DemoTestMaven" tests="1" failures="0" timestamp="15 Dec 2018 22:40:43 GMT" time="9.849" errors="0">
  <testcase name="PageTest" time="9.849" classname="DemoMavenPackage.DemoTestMaven"/>
</testsuite> <!-- DemoMavenPackage.DemoTestMaven -->
